*** Starting uWSGI 2.0.16 (64bit) on [Mon Feb 12 14:56:11 2018] ***
compiled with version: 5.4.0 20160609 on 11 February 2018 11:16:26
os: Linux-4.13.0-32-generic #35~16.04.1-Ubuntu SMP Thu Jan 25 10:13:43 UTC 2018
nodename: ubuntu
machine: x86_64
clock source: unix
detected number of CPU cores: 4
current working directory: /home/mali/git/publicAuth
writing pidfile to uwsgi.pid
detected binary path: /usr/local/bin/uwsgi
!!! no internal routing support, rebuild with pcre support !!!
dropping root privileges as early as possible
chdir() to /home/mali/git/publicAuth
your processes number limit is 15484
your memory page size is 4096 bytes
detected max file descriptor number: 1024
lock engine: pthread robust mutexes
thunder lock: disabled (you can enable it with --thunder-lock)
uWSGI http bound on 0:8005 fd 4
uwsgi socket 0 bound to TCP address 127.0.0.1:34125 (port auto-assigned) fd 3
dropping root privileges after socket binding
Python version: 2.7.12 (default, Dec  4 2017, 14:50:18)  [GCC 5.4.0 20160609]
*** Python threads support is disabled. You can enable it with --enable-threads ***
Python main interpreter initialized at 0x15cb9e0
dropping root privileges after plugin initialization
your server socket listen backlog is limited to 100 connections
your mercy for graceful operations on workers is 60 seconds
mapped 364600 bytes (356 KB) for 4 cores
*** Operational MODE: preforking ***
WSGI app 0 (mountpoint='') ready in 0 seconds on interpreter 0x15cb9e0 pid: 28372 (default app)
mountpoint  already configured. skip.
dropping root privileges after application loading
*** uWSGI is running in multiple interpreter mode ***
spawned uWSGI master process (pid: 28372)
spawned uWSGI worker 1 (pid: 28374, cores: 1)
spawned uWSGI worker 2 (pid: 28375, cores: 1)
spawned uWSGI worker 3 (pid: 28376, cores: 1)
spawned uWSGI worker 4 (pid: 28377, cores: 1)
spawned uWSGI http 1 (pid: 28378)
*** Starting uWSGI 2.0.16 (64bit) on [Mon Feb 12 15:12:16 2018] ***
compiled with version: 5.4.0 20160609 on 11 February 2018 11:16:26
os: Linux-4.13.0-32-generic #35~16.04.1-Ubuntu SMP Thu Jan 25 10:13:43 UTC 2018
nodename: ubuntu
machine: x86_64
clock source: unix
detected number of CPU cores: 4
current working directory: /home/mali/git/publicAuth
writing pidfile to uwsgi.pid
detected binary path: /usr/local/bin/uwsgi
!!! no internal routing support, rebuild with pcre support !!!
dropping root privileges as early as possible
chdir() to /home/mali/git/publicAuth
your processes number limit is 15484
your memory page size is 4096 bytes
detected max file descriptor number: 1024
lock engine: pthread robust mutexes
thunder lock: disabled (you can enable it with --thunder-lock)
probably another instance of uWSGI is running on the same address (0:8005).
bind(): Address already in use [core/socket.c line 769]
*** Starting uWSGI 2.0.16 (64bit) on [Mon Feb 12 15:22:21 2018] ***
compiled with version: 5.4.0 20160609 on 11 February 2018 11:16:26
os: Linux-4.13.0-32-generic #35~16.04.1-Ubuntu SMP Thu Jan 25 10:13:43 UTC 2018
nodename: ubuntu
machine: x86_64
clock source: unix
detected number of CPU cores: 4
current working directory: /home/mali/git/publicAuth
writing pidfile to uwsgi.pid
detected binary path: /usr/local/bin/uwsgi
!!! no internal routing support, rebuild with pcre support !!!
dropping root privileges as early as possible
chdir() to /home/mali/git/publicAuth
your processes number limit is 15484
your memory page size is 4096 bytes
detected max file descriptor number: 1024
lock engine: pthread robust mutexes
thunder lock: disabled (you can enable it with --thunder-lock)
probably another instance of uWSGI is running on the same address (:8005).
bind(): Address already in use [core/socket.c line 769]
*** Starting uWSGI 2.0.16 (64bit) on [Mon Feb 12 15:39:32 2018] ***
compiled with version: 5.4.0 20160609 on 11 February 2018 11:16:26
os: Linux-4.13.0-32-generic #35~16.04.1-Ubuntu SMP Thu Jan 25 10:13:43 UTC 2018
nodename: ubuntu
machine: x86_64
clock source: unix
detected number of CPU cores: 4
current working directory: /home/mali/git/publicAuth
writing pidfile to uwsgi.pid
detected binary path: /usr/local/bin/uwsgi
!!! no internal routing support, rebuild with pcre support !!!
dropping root privileges as early as possible
chdir() to /home/mali/git/publicAuth
your processes number limit is 15484
your memory page size is 4096 bytes
detected max file descriptor number: 1024
lock engine: pthread robust mutexes
thunder lock: disabled (you can enable it with --thunder-lock)
uwsgi socket 0 bound to TCP address :8005 fd 3
dropping root privileges after socket binding
Python version: 2.7.12 (default, Dec  4 2017, 14:50:18)  [GCC 5.4.0 20160609]
*** Python threads support is disabled. You can enable it with --enable-threads ***
Python main interpreter initialized at 0x1e1f540
dropping root privileges after plugin initialization
your server socket listen backlog is limited to 100 connections
your mercy for graceful operations on workers is 60 seconds
mapped 364600 bytes (356 KB) for 4 cores
*** Operational MODE: preforking ***
WSGI app 0 (mountpoint='') ready in 0 seconds on interpreter 0x1e1f540 pid: 28872 (default app)
mountpoint  already configured. skip.
dropping root privileges after application loading
*** uWSGI is running in multiple interpreter mode ***
spawned uWSGI master process (pid: 28872)
spawned uWSGI worker 1 (pid: 28874, cores: 1)
spawned uWSGI worker 2 (pid: 28875, cores: 1)
spawned uWSGI worker 3 (pid: 28876, cores: 1)
spawned uWSGI worker 4 (pid: 28877, cores: 1)
[pid: 28876|app: 0|req: 1/1] 192.168.48.1 () {40 vars in 653 bytes} [Mon Feb 12 07:39:42 2018] GET / => generated 74 bytes in 1094 msecs (HTTP/1.1 404) 3 headers in 100 bytes (1 switches on core 0)
[pid: 28874|app: 0|req: 1/2] 127.0.0.1 () {40 vars in 598 bytes} [Mon Feb 12 07:40:48 2018] GET / => generated 74 bytes in 1391 msecs (HTTP/1.1 404) 3 headers in 100 bytes (1 switches on core 0)
SIGINT/SIGQUIT received...killing workers...
worker 1 buried after 1 seconds
worker 2 buried after 1 seconds
worker 3 buried after 1 seconds
worker 4 buried after 1 seconds
goodbye to uWSGI.
VACUUM: pidfile removed.
*** Starting uWSGI 2.0.16 (64bit) on [Mon Feb 12 15:59:59 2018] ***
compiled with version: 5.4.0 20160609 on 11 February 2018 11:16:26
os: Linux-4.13.0-32-generic #35~16.04.1-Ubuntu SMP Thu Jan 25 10:13:43 UTC 2018
nodename: ubuntu
machine: x86_64
clock source: unix
detected number of CPU cores: 4
current working directory: /home/mali/git/publicAuth
writing pidfile to uwsgi.pid
detected binary path: /usr/local/bin/uwsgi
!!! no internal routing support, rebuild with pcre support !!!
dropping root privileges as early as possible
chdir() to /home/mali/git/publicAuth
your processes number limit is 15484
your memory page size is 4096 bytes
detected max file descriptor number: 1024
lock engine: pthread robust mutexes
thunder lock: disabled (you can enable it with --thunder-lock)
uWSGI http bound on :8005 fd 4
uwsgi socket 0 bound to TCP address 127.0.0.1:38507 (port auto-assigned) fd 3
dropping root privileges after socket binding
Python version: 2.7.12 (default, Dec  4 2017, 14:50:18)  [GCC 5.4.0 20160609]
*** Python threads support is disabled. You can enable it with --enable-threads ***
Python main interpreter initialized at 0xfaea40
dropping root privileges after plugin initialization
your server socket listen backlog is limited to 100 connections
your mercy for graceful operations on workers is 60 seconds
mapped 364600 bytes (356 KB) for 4 cores
*** Operational MODE: preforking ***
WSGI app 0 (mountpoint='') ready in 0 seconds on interpreter 0xfaea40 pid: 29166 (default app)
mountpoint  already configured. skip.
dropping root privileges after application loading
*** uWSGI is running in multiple interpreter mode ***
spawned uWSGI master process (pid: 29166)
spawned uWSGI worker 1 (pid: 29168, cores: 1)
spawned uWSGI worker 2 (pid: 29169, cores: 1)
spawned uWSGI worker 3 (pid: 29170, cores: 1)
spawned uWSGI worker 4 (pid: 29171, cores: 1)
spawned uWSGI http 1 (pid: 29172)
*** Starting uWSGI 2.0.16 (64bit) on [Mon Feb 12 17:48:17 2018] ***
compiled with version: 5.4.0 20160609 on 11 February 2018 11:16:26
os: Linux-4.13.0-32-generic #35~16.04.1-Ubuntu SMP Thu Jan 25 10:13:43 UTC 2018
nodename: ubuntu
machine: x86_64
clock source: unix
detected number of CPU cores: 4
current working directory: /home/mali/git/publicAuth
writing pidfile to uwsgi.pid
detected binary path: /usr/local/bin/uwsgi
!!! no internal routing support, rebuild with pcre support !!!
dropping root privileges as early as possible
chdir() to /home/mali/git/publicAuth
your processes number limit is 15484
your memory page size is 4096 bytes
detected max file descriptor number: 1024
lock engine: pthread robust mutexes
thunder lock: disabled (you can enable it with --thunder-lock)
uwsgi socket 0 bound to TCP address :8001 fd 3
dropping root privileges after socket binding
Python version: 2.7.12 (default, Dec  4 2017, 14:50:18)  [GCC 5.4.0 20160609]
*** Python threads support is disabled. You can enable it with --enable-threads ***
Python main interpreter initialized at 0x11df560
dropping root privileges after plugin initialization
your server socket listen backlog is limited to 100 connections
your mercy for graceful operations on workers is 60 seconds
mapped 364600 bytes (356 KB) for 4 cores
*** Operational MODE: preforking ***
WSGI app 0 (mountpoint='') ready in 1 seconds on interpreter 0x11df560 pid: 30356 (default app)
mountpoint  already configured. skip.
dropping root privileges after application loading
*** uWSGI is running in multiple interpreter mode ***
spawned uWSGI master process (pid: 30356)
spawned uWSGI worker 1 (pid: 30358, cores: 1)
spawned uWSGI worker 2 (pid: 30359, cores: 1)
spawned uWSGI worker 3 (pid: 30360, cores: 1)
spawned uWSGI worker 4 (pid: 30361, cores: 1)
eyJhbGciOiJIUzI1NiIsInR5cCI6IkpXVCJ9.eyJpc3MiOiJFYXJ0aGxlZGdlciBBVVRIIiwidXNlcm5hbWUiOiJ5aWxpYW4zMzMiLCJleHAiOjE1MTgzMzc4MDF9.LEpif7MQvp1DkO9ac8_h7wfRGgSziZUnzQyxhmWqkvY
Signature has expired
[pid: 30358|app: 0|req: 1/1] 192.168.48.130 () {36 vars in 516 bytes} [Mon Feb 12 09:48:52 2018] POST /asym-auth/verify/ => generated 24 bytes in 980 msecs (HTTP/1.1 200) 3 headers in 100 bytes (1 switches on core 0)
[pid: 30358|app: 0|req: 2/2] 192.168.48.130 () {40 vars in 629 bytes} [Mon Feb 12 09:53:21 2018] GET / => generated 74 bytes in 13 msecs (HTTP/1.1 404) 3 headers in 100 bytes (1 switches on core 0)
eyJhbGciOiJIUzI1NiIsInR5cCI6IkpXVCJ9.eyJpc3MiOiJFYXJ0aGxlZGdlciBBVVRIIiwidXNlcm5hbWUiOiJ5aWxpYW4zMzMiLCJleHAiOjE1MTgzMzc4MDF9.LEpif7MQvp1DkO9ac8_h7wfRGgSziZUnzQyxhmWqkvY
Signature has expired
[pid: 30358|app: 0|req: 3/3] 127.0.0.1 () {36 vars in 506 bytes} [Tue Feb 13 01:06:49 2018] POST /asym-auth/verify/ => generated 24 bytes in 11 msecs (HTTP/1.1 200) 3 headers in 100 bytes (1 switches on core 0)
eyJhbGciOiJIUzI1NiIsInR5cCI6IkpXVCJ9.eyJpc3MiOiJFYXJ0aGxlZGdlciBBVVRIIiwidXNlcm5hbWUiOiJ5aWxpYW4zMzMiLCJleHAiOjE1MTgzMzc4MDF9.LEpif7MQvp1DkO9ac8_h7wfRGgSziZUnzQyxhmWqkvY
Signature has expired
[pid: 30358|app: 0|req: 4/4] 192.168.48.130 () {36 vars in 516 bytes} [Tue Feb 13 01:06:59 2018] POST /asym-auth/verify/ => generated 24 bytes in 1 msecs (HTTP/1.1 200) 3 headers in 100 bytes (1 switches on core 0)
[pid: 30358|app: 0|req: 5/5] 192.168.48.130 () {40 vars in 639 bytes} [Tue Feb 13 02:38:20 2018] GET /admin => generated 0 bytes in 19 msecs (HTTP/1.1 301) 3 headers in 112 bytes (1 switches on core 0)
[pid: 30358|app: 0|req: 6/6] 192.168.48.130 () {40 vars in 641 bytes} [Tue Feb 13 02:38:21 2018] GET /admin/ => generated 0 bytes in 94 msecs (HTTP/1.1 302) 7 headers in 265 bytes (1 switches on core 0)
[pid: 30358|app: 0|req: 7/7] 192.168.48.130 () {40 vars in 678 bytes} [Tue Feb 13 02:38:21 2018] GET /admin/login/?next=/admin/ => generated 1650 bytes in 194 msecs (HTTP/1.1 200) 7 headers in 381 bytes (1 switches on core 0)
[pid: 30359|app: 0|req: 1/8] 192.168.48.130 () {44 vars in 798 bytes} [Tue Feb 13 02:38:29 2018] GET /admin/ => generated 0 bytes in 1756 msecs (HTTP/1.1 302) 7 headers in 265 bytes (1 switches on core 0)
[pid: 30359|app: 0|req: 2/9] 192.168.48.130 () {44 vars in 835 bytes} [Tue Feb 13 02:38:31 2018] GET /admin/login/?next=/admin/ => generated 1650 bytes in 48 msecs (HTTP/1.1 200) 7 headers in 381 bytes (1 switches on core 0)
[pid: 30361|app: 0|req: 1/10] 192.168.48.130 () {48 vars in 952 bytes} [Tue Feb 13 02:38:48 2018] POST /admin/login/?next=/admin/ => generated 1810 bytes in 2021 msecs (HTTP/1.1 200) 7 headers in 381 bytes (1 switches on core 0)
[pid: 30358|app: 0|req: 8/11] 192.168.48.130 () {48 vars in 952 bytes} [Tue Feb 13 02:39:02 2018] POST /admin/login/?next=/admin/ => generated 1810 bytes in 138 msecs (HTTP/1.1 200) 7 headers in 381 bytes (1 switches on core 0)
[pid: 30359|app: 0|req: 3/12] 192.168.48.130 () {42 vars in 738 bytes} [Tue Feb 13 03:25:48 2018] GET /admin/ssss => generated 84 bytes in 15 msecs (HTTP/1.1 404) 3 headers in 100 bytes (1 switches on core 0)
[pid: 30360|app: 0|req: 1/13] 192.168.48.130 () {42 vars in 730 bytes} [Tue Feb 13 03:25:54 2018] GET /admin/ => generated 0 bytes in 1419 msecs (HTTP/1.1 302) 7 headers in 265 bytes (1 switches on core 0)
[pid: 30358|app: 0|req: 9/14] 192.168.48.130 () {42 vars in 767 bytes} [Tue Feb 13 03:25:55 2018] GET /admin/login/?next=/admin/ => generated 1650 bytes in 27 msecs (HTTP/1.1 200) 7 headers in 381 bytes (1 switches on core 0)
eyJhbGciOiJIUzI1NiIsInR5cCI6IkpXVCJ9.eyJpc3MiOiJFYXJ0aGxlZGdlciBBVVRIIiwidXNlcm5hbWUiOiJ5aWxpYW4zMzMiLCJleHAiOjE1MTgzMzc4MDF9.LEpif7MQvp1DkO9ac8_h7wfRGgSziZUnzQyxhmWqkvY
Signature has expired
[pid: 30360|app: 0|req: 2/15] 192.168.48.130 () {36 vars in 526 bytes} [Tue Feb 13 06:50:38 2018] POST /asym-auth/verify/aaa/1 => generated 24 bytes in 6 msecs (HTTP/1.1 200) 3 headers in 100 bytes (1 switches on core 0)
eyJhbGciOiJIUzI1NiIsInR5cCI6IkpXVCJ9.eyJpc3MiOiJFYXJ0aGxlZGdlciBBVVRIIiwidXNlcm5hbWUiOiJ5aWxpYW4zMzMiLCJleHAiOjE1MTgzMzc4MDF9.LEpif7MQvp1DkO9ac8_h7wfRGgSziZUnzQyxhmWqkvY
Signature has expired
[pid: 30360|app: 0|req: 3/16] 192.168.48.130 () {36 vars in 516 bytes} [Tue Feb 13 06:50:58 2018] POST /asym-auth/verify/ => generated 24 bytes in 1 msecs (HTTP/1.1 200) 3 headers in 100 bytes (1 switches on core 0)
